Electric Version 8.05
--------------- 0 --------------
  Sun Feb 23 20:38:06 EST 2020
Menu Activated: File | Open Library...
--------------- 1 --------------
  Sun Feb 23 20:38:12 EST 2020
Menu Activated: Tool | Simulation (Built-in) | ALS: Simulate Current Cell
--------------- 2 --------------
  Sun Feb 23 20:38:16 EST 2020
Menu Activated: Tool | Simulation (Built-in) | Restore Stimuli from Disk...
--------------- 3 --------------
  Sun Feb 23 20:38:28 EST 2020
ProcessKeyBinding 401 when=1582508308795 modifiers=80 code=11 char=ffff false false
--------------- 4 --------------
  Sun Feb 23 20:38:29 EST 2020
ProcessKeyBinding 401 when=1582508309084 modifiers=80 code=44 char=4 false false
--------------- 5 --------------
  Sun Feb 23 20:38:29 EST 2020
Menu Activated: Cell | Down Hierarchy | Down Hierarchy
--------------- 6 --------------
  Sun Feb 23 20:38:29 EST 2020
ProcessKeyBinding 400 when=1582508309084 modifiers=80 code=0 char=4 false false
--------------- 7 --------------
  Sun Feb 23 20:38:29 EST 2020
ProcessKeyBinding 402 when=1582508309158 modifiers=80 code=44 char=4 false false
--------------- 8 --------------
  Sun Feb 23 20:38:29 EST 2020
ProcessKeyBinding 402 when=1582508309378 modifiers=0 code=11 char=ffff false false
--------------- 9 --------------
  Sun Feb 23 20:38:29 EST 2020
ProcessKeyBinding 401 when=1582508309598 modifiers=80 code=11 char=ffff false false
--------------- 10 --------------
  Sun Feb 23 20:38:29 EST 2020
ProcessKeyBinding 401 when=1582508309809 modifiers=80 code=55 char=15 false false
--------------- 11 --------------
  Sun Feb 23 20:38:29 EST 2020
Menu Activated: Cell | Up Hierarchy
--------------- 12 --------------
  Sun Feb 23 20:38:29 EST 2020
ProcessKeyBinding 400 when=1582508309809 modifiers=80 code=0 char=15 false false
--------------- 13 --------------
  Sun Feb 23 20:38:29 EST 2020
ProcessKeyBinding 402 when=1582508309881 modifiers=80 code=55 char=15 false false
--------------- 14 --------------
  Sun Feb 23 20:38:30 EST 2020
ProcessKeyBinding 401 when=1582508310005 modifiers=80 code=55 char=15 false false
--------------- 15 --------------
  Sun Feb 23 20:38:30 EST 2020
Menu Activated: Cell | Up Hierarchy
--------------- 16 --------------
  Sun Feb 23 20:38:30 EST 2020
ProcessKeyBinding 400 when=1582508310005 modifiers=80 code=0 char=15 false false
--------------- 17 --------------
  Sun Feb 23 20:38:30 EST 2020
ProcessKeyBinding 402 when=1582508310072 modifiers=80 code=55 char=15 false false
--------------- 18 --------------
  Sun Feb 23 20:38:30 EST 2020
ProcessKeyBinding 402 when=1582508310395 modifiers=0 code=11 char=ffff false false
--------------- 19 --------------
  Sun Feb 23 20:38:44 EST 2020
Menu Activated: Tool | Simulation (Built-in) | ALS: Simulate Current Cell
--------------- 20 --------------
  Sun Feb 23 20:38:54 EST 2020
Menu Activated: Tool | Simulation (Built-in) | Restore Stimuli from Disk...
--------------- 21 --------------
  Sun Feb 23 20:39:11 EST 2020
ProcessKeyBinding 401 when=1582508347841 modifiers=80 code=11 char=ffff false false
--------------- 22 --------------
  Sun Feb 23 20:39:13 EST 2020
ProcessKeyBinding 401 when=1582508349679 modifiers=80 code=36 char=36(6) false false
--------------- 23 --------------
  Sun Feb 23 20:39:13 EST 2020
Menu Activated: Window | Pan Right
--------------- 24 --------------
  Sun Feb 23 20:39:13 EST 2020
ProcessKeyBinding 400 when=1582508349679 modifiers=80 code=0 char=36(6) false false
--------------- 25 --------------
  Sun Feb 23 20:39:13 EST 2020
ProcessKeyBinding 402 when=1582508349821 modifiers=80 code=36 char=36(6) false false
--------------- 26 --------------
  Sun Feb 23 20:39:14 EST 2020
ProcessKeyBinding 402 when=1582508350416 modifiers=0 code=11 char=ffff false false
--------------- 27 --------------
  Sun Feb 23 20:39:14 EST 2020
ProcessKeyBinding 401 when=1582508350929 modifiers=80 code=11 char=ffff false false
--------------- 28 --------------
  Sun Feb 23 20:39:15 EST 2020
ProcessKeyBinding 401 when=1582508351399 modifiers=80 code=36 char=36(6) false false
--------------- 29 --------------
  Sun Feb 23 20:39:15 EST 2020
Menu Activated: Window | Pan Right
--------------- 30 --------------
  Sun Feb 23 20:39:15 EST 2020
ProcessKeyBinding 400 when=1582508351399 modifiers=80 code=0 char=36(6) false false
--------------- 31 --------------
  Sun Feb 23 20:39:15 EST 2020
ProcessKeyBinding 402 when=1582508351566 modifiers=80 code=36 char=36(6) false false
--------------- 32 --------------
  Sun Feb 23 20:39:15 EST 2020
ProcessKeyBinding 402 when=1582508351881 modifiers=0 code=11 char=ffff false false
--------------- 33 --------------
  Sun Feb 23 20:39:19 EST 2020
ProcessKeyBinding 401 when=1582508355828 modifiers=80 code=11 char=ffff false false
--------------- 34 --------------
  Sun Feb 23 20:39:20 EST 2020
ProcessKeyBinding 401 when=1582508356560 modifiers=80 code=36 char=36(6) false false
--------------- 35 --------------
  Sun Feb 23 20:39:20 EST 2020
Menu Activated: Window | Pan Right
--------------- 36 --------------
  Sun Feb 23 20:39:20 EST 2020
ProcessKeyBinding 400 when=1582508356560 modifiers=80 code=0 char=36(6) false false
--------------- 37 --------------
  Sun Feb 23 20:39:20 EST 2020
ProcessKeyBinding 402 when=1582508356652 modifiers=80 code=36 char=36(6) false false
--------------- 38 --------------
  Sun Feb 23 20:39:21 EST 2020
ProcessKeyBinding 401 when=1582508357595 modifiers=80 code=36 char=36(6) false false
--------------- 39 --------------
  Sun Feb 23 20:39:21 EST 2020
Menu Activated: Window | Pan Right
--------------- 40 --------------
  Sun Feb 23 20:39:21 EST 2020
ProcessKeyBinding 400 when=1582508357595 modifiers=80 code=0 char=36(6) false false
--------------- 41 --------------
  Sun Feb 23 20:39:21 EST 2020
ProcessKeyBinding 402 when=1582508357720 modifiers=80 code=36 char=36(6) false false
--------------- 42 --------------
  Sun Feb 23 20:39:21 EST 2020
ProcessKeyBinding 402 when=1582508358133 modifiers=0 code=11 char=ffff false false
--------------- 43 --------------
  Sun Feb 23 20:53:23 EST 2020
Menu Activated: Tool | Simulation (Built-in) | ALS: Simulate Current Cell
--------------- 44 --------------
  Sun Feb 23 20:53:28 EST 2020
Menu Activated: Tool | Simulation (Built-in) | Restore Stimuli from Disk...
--------------- 45 --------------
  Sun Feb 23 20:53:49 EST 2020
ProcessKeyBinding 401 when=1582509183600 modifiers=80 code=11 char=ffff false false
--------------- 46 --------------
  Sun Feb 23 20:53:50 EST 2020
ProcessKeyBinding 402 when=1582509184206 modifiers=0 code=11 char=ffff false false
--------------- 47 --------------
  Sun Feb 23 20:53:50 EST 2020
ProcessKeyBinding 401 when=1582509184607 modifiers=80 code=11 char=ffff false false
--------------- 48 --------------
  Sun Feb 23 20:53:51 EST 2020
ProcessKeyBinding 401 when=1582509184872 modifiers=80 code=36 char=36(6) false false
--------------- 49 --------------
  Sun Feb 23 20:53:51 EST 2020
Menu Activated: Window | Pan Right
--------------- 50 --------------
  Sun Feb 23 20:53:51 EST 2020
ProcessKeyBinding 400 when=1582509184872 modifiers=80 code=0 char=36(6) false false
--------------- 51 --------------
  Sun Feb 23 20:53:51 EST 2020
ProcessKeyBinding 402 when=1582509184949 modifiers=80 code=36 char=36(6) false false
--------------- 52 --------------
  Sun Feb 23 20:53:51 EST 2020
ProcessKeyBinding 402 when=1582509185435 modifiers=0 code=11 char=ffff false false
--------------- 53 --------------
  Sun Feb 23 20:53:54 EST 2020
ProcessKeyBinding 401 when=1582509188244 modifiers=80 code=11 char=ffff false false
--------------- 54 --------------
  Sun Feb 23 20:53:55 EST 2020
ProcessKeyBinding 401 when=1582509188816 modifiers=80 code=36 char=36(6) false false
--------------- 55 --------------
  Sun Feb 23 20:53:55 EST 2020
Menu Activated: Window | Pan Right
--------------- 56 --------------
  Sun Feb 23 20:53:55 EST 2020
ProcessKeyBinding 400 when=1582509188816 modifiers=80 code=0 char=36(6) false false
--------------- 57 --------------
  Sun Feb 23 20:53:55 EST 2020
ProcessKeyBinding 402 when=1582509188899 modifiers=80 code=36 char=36(6) false false
--------------- 58 --------------
  Sun Feb 23 20:53:55 EST 2020
ProcessKey